<?xml version="1.0" encoding="UTF-8"?>
<!-- Generated by org.testng.reporters.JUnitReportReporter -->
<testsuite hostname="Aman" failures="0" tests="1" name="excelpracpkg_excel.NewTest" time="0.000" errors="0" timestamp="2019-09-29T15:02:10 IST" skipped="0">
  <testcase classname="excelpracpkg_excel.NewTest" name="f" time="0.000"/>
</testsuite> <!-- excelpracpkg_excel.NewTest -->
